2026-03-22 20:43:40 | INFO | ══════════════════════════════════════════════════
2026-03-22 20:43:40 | INFO | KenPom Teams Pull
2026-03-22 20:43:40 | INFO | Years: 2002 → 2025
2026-03-22 20:43:40 | INFO | ══════════════════════════════════════════════════
2026-03-22 20:43:50 | INFO | Session authenticated
2026-03-22 20:43:50 | INFO |   ✓ 2002 | 327 teams
2026-03-22 20:43:52 | INFO |   ✓ 2003 | 327 teams
2026-03-22 20:43:53 | INFO |   ✓ 2004 | 326 teams
2026-03-22 20:43:55 | INFO |   ✓ 2005 | 330 teams
2026-03-22 20:43:56 | INFO |   ✓ 2006 | 334 teams
2026-03-22 20:43:58 | INFO |   ✓ 2007 | 336 teams
2026-03-22 20:43:59 | INFO |   ✓ 2008 | 341 teams
2026-03-22 20:44:01 | INFO |   ✓ 2009 | 344 teams
2026-03-22 20:44:02 | INFO |   ✓ 2010 | 347 teams
2026-03-22 20:44:04 | INFO |   ✓ 2011 | 345 teams
2026-03-22 20:44:06 | INFO |   ✓ 2012 | 345 teams
2026-03-22 20:44:07 | INFO |   ✓ 2013 | 347 teams
2026-03-22 20:44:09 | INFO |   ✓ 2014 | 351 teams
2026-03-22 20:44:10 | INFO |   ✓ 2015 | 351 teams
2026-03-22 20:44:12 | INFO |   ✓ 2016 | 351 teams
2026-03-22 20:44:13 | INFO |   ✓ 2017 | 351 teams
2026-03-22 20:44:15 | INFO |   ✓ 2018 | 351 teams
2026-03-22 20:44:17 | INFO |   ✓ 2019 | 353 teams
2026-03-22 20:44:18 | INFO |   ✓ 2020 | 353 teams
2026-03-22 20:44:20 | INFO |   ✓ 2021 | 357 teams
2026-03-22 20:44:21 | INFO |   ✓ 2022 | 358 teams
2026-03-22 20:44:23 | INFO |   ✓ 2023 | 363 teams
2026-03-22 20:44:24 | INFO |   ✓ 2024 | 362 teams
2026-03-22 20:44:26 | INFO |   ✓ 2025 | 364 teams
2026-03-22 20:44:27 | INFO | ══════════════════════════════════════════════════
2026-03-22 20:44:27 | INFO | Total: 8314 rows | 8 cols | 2002–2025
2026-03-22 20:44:27 | INFO | ══════════════════════════════════════════════════
2026-03-22 20:44:27 | INFO | Saved teams | CSV: 474.9KB | Parquet: 79.3KB
