2026-03-22 19:56:47 | INFO | ──────────────────────────────────────────────────
2026-03-22 19:56:47 | INFO | Pulling: ratings
2026-03-22 19:56:47 | ERROR | ratings y=2002 | HTTP 404
2026-03-22 19:56:48 | ERROR | ratings y=2003 | HTTP 404
2026-03-22 19:56:48 | ERROR | ratings y=2004 | HTTP 404
2026-03-22 19:56:48 | ERROR | ratings y=2005 | HTTP 404
2026-03-22 19:56:48 | ERROR | ratings y=2006 | HTTP 404
2026-03-22 19:56:48 | ERROR | ratings y=2007 | HTTP 404
2026-03-22 19:56:48 | ERROR | ratings y=2008 | HTTP 404
2026-03-22 19:56:48 | ERROR | ratings y=2009 | HTTP 404
2026-03-22 19:56:48 | INFO |   ✓ ratings | 2010 | 347 teams
2026-03-22 19:56:50 | INFO |   ✓ ratings | 2011 | 345 teams
2026-03-22 19:56:51 | INFO |   ✓ ratings | 2012 | 345 teams
2026-03-22 19:56:53 | INFO |   ✓ ratings | 2013 | 347 teams
2026-03-22 19:56:54 | INFO |   ✓ ratings | 2014 | 351 teams
2026-03-22 19:56:56 | INFO |   ✓ ratings | 2015 | 351 teams
2026-03-22 19:56:58 | INFO |   ✓ ratings | 2016 | 351 teams
2026-03-22 19:56:59 | INFO |   ✓ ratings | 2017 | 351 teams
2026-03-22 19:57:01 | INFO |   ✓ ratings | 2018 | 351 teams
2026-03-22 19:57:03 | INFO |   ✓ ratings | 2019 | 353 teams
2026-03-22 19:57:04 | INFO |   ✓ ratings | 2020 | 353 teams
2026-03-22 19:57:06 | INFO |   ✓ ratings | 2021 | 357 teams
2026-03-22 19:57:07 | INFO |   ✓ ratings | 2022 | 358 teams
2026-03-22 19:57:09 | INFO |   ✓ ratings | 2023 | 363 teams
2026-03-22 19:57:11 | INFO |   ✓ ratings | 2024 | 362 teams
2026-03-22 19:57:12 | INFO |   ✓ ratings | 2025 | 364 teams
2026-03-22 19:57:14 | INFO | Saved ratings | CSV: 1356.0KB | Parquet: 690.8KB
2026-03-22 19:57:14 | INFO | ──────────────────────────────────────────────────
2026-03-22 19:57:14 | INFO | Pulling: four-factors
2026-03-22 19:57:14 | INFO |   ✓ four-factors | 2002 | 327 teams
2026-03-22 19:57:16 | INFO |   ✓ four-factors | 2003 | 327 teams
2026-03-22 19:57:17 | INFO |   ✓ four-factors | 2004 | 326 teams
2026-03-22 19:57:19 | INFO |   ✓ four-factors | 2005 | 330 teams
2026-03-22 19:57:21 | INFO |   ✓ four-factors | 2006 | 334 teams
2026-03-22 19:57:22 | INFO |   ✓ four-factors | 2007 | 336 teams
2026-03-22 19:57:24 | INFO |   ✓ four-factors | 2008 | 341 teams
2026-03-22 19:57:25 | INFO |   ✓ four-factors | 2009 | 344 teams
2026-03-22 19:57:27 | INFO |   ✓ four-factors | 2010 | 347 teams
2026-03-22 19:57:29 | INFO |   ✓ four-factors | 2011 | 345 teams
2026-03-22 19:57:30 | INFO |   ✓ four-factors | 2012 | 345 teams
2026-03-22 19:57:32 | INFO |   ✓ four-factors | 2013 | 347 teams
2026-03-22 19:57:34 | INFO |   ✓ four-factors | 2014 | 351 teams
2026-03-22 19:57:35 | INFO |   ✓ four-factors | 2015 | 351 teams
2026-03-22 19:57:37 | INFO |   ✓ four-factors | 2016 | 351 teams
2026-03-22 19:57:38 | INFO |   ✓ four-factors | 2017 | 351 teams
2026-03-22 19:57:40 | INFO |   ✓ four-factors | 2018 | 351 teams
2026-03-22 19:57:42 | INFO |   ✓ four-factors | 2019 | 353 teams
2026-03-22 19:57:43 | INFO |   ✓ four-factors | 2020 | 353 teams
2026-03-22 19:57:45 | INFO |   ✓ four-factors | 2021 | 357 teams
2026-03-22 19:57:47 | INFO |   ✓ four-factors | 2022 | 358 teams
2026-03-22 19:57:48 | INFO |   ✓ four-factors | 2023 | 363 teams
2026-03-22 19:57:50 | INFO |   ✓ four-factors | 2024 | 362 teams
2026-03-22 19:57:51 | INFO |   ✓ four-factors | 2025 | 364 teams
2026-03-22 19:57:53 | INFO | Saved four_factors | CSV: 1651.0KB | Parquet: 965.8KB
2026-03-22 19:57:53 | INFO | ──────────────────────────────────────────────────
2026-03-22 19:57:53 | INFO | Pulling: height
2026-03-22 19:57:53 | ERROR | height y=2002 | HTTP 404
2026-03-22 19:57:53 | ERROR | height y=2003 | HTTP 404
2026-03-22 19:57:53 | ERROR | height y=2004 | HTTP 404
2026-03-22 19:57:53 | ERROR | height y=2005 | HTTP 404
2026-03-22 19:57:53 | ERROR | height y=2006 | HTTP 404
2026-03-22 19:57:53 | INFO |   ✓ height | 2007 | 336 teams
2026-03-22 19:57:55 | INFO |   ✓ height | 2008 | 341 teams
2026-03-22 19:57:57 | INFO |   ✓ height | 2009 | 344 teams
2026-03-22 19:57:58 | INFO |   ✓ height | 2010 | 347 teams
2026-03-22 19:58:00 | INFO |   ✓ height | 2011 | 345 teams
2026-03-22 19:58:01 | INFO |   ✓ height | 2012 | 345 teams
2026-03-22 19:58:03 | INFO |   ✓ height | 2013 | 347 teams
2026-03-22 19:58:05 | INFO |   ✓ height | 2014 | 351 teams
2026-03-22 19:58:06 | INFO |   ✓ height | 2015 | 351 teams
2026-03-22 19:58:08 | INFO |   ✓ height | 2016 | 351 teams
2026-03-22 19:58:09 | INFO |   ✓ height | 2017 | 351 teams
2026-03-22 19:58:11 | INFO |   ✓ height | 2018 | 351 teams
2026-03-22 19:58:13 | INFO |   ✓ height | 2019 | 353 teams
2026-03-22 19:58:14 | INFO |   ✓ height | 2020 | 353 teams
2026-03-22 19:58:16 | INFO |   ✓ height | 2021 | 357 teams
2026-03-22 19:58:17 | INFO |   ✓ height | 2022 | 358 teams
2026-03-22 19:58:19 | INFO |   ✓ height | 2023 | 363 teams
2026-03-22 19:58:21 | INFO |   ✓ height | 2024 | 362 teams
2026-03-22 19:58:22 | INFO |   ✓ height | 2025 | 364 teams
2026-03-22 19:58:24 | INFO | Saved height | CSV: 874.7KB | Parquet: 284.8KB
2026-03-22 19:58:24 | INFO | ──────────────────────────────────────────────────
2026-03-22 19:58:24 | INFO | Pulling: pointdist
2026-03-22 19:58:24 | INFO |   ✓ pointdist | 2002 | 327 teams
2026-03-22 19:58:25 | INFO |   ✓ pointdist | 2003 | 327 teams
2026-03-22 19:58:27 | INFO |   ✓ pointdist | 2004 | 326 teams
2026-03-22 19:58:29 | INFO |   ✓ pointdist | 2005 | 330 teams
2026-03-22 19:58:30 | INFO |   ✓ pointdist | 2006 | 334 teams
2026-03-22 19:58:32 | INFO |   ✓ pointdist | 2007 | 336 teams
2026-03-22 19:58:33 | INFO |   ✓ pointdist | 2008 | 341 teams
2026-03-22 19:58:35 | INFO |   ✓ pointdist | 2009 | 344 teams
2026-03-22 19:58:36 | INFO |   ✓ pointdist | 2010 | 347 teams
2026-03-22 19:58:38 | INFO |   ✓ pointdist | 2011 | 345 teams
2026-03-22 19:58:40 | INFO |   ✓ pointdist | 2012 | 345 teams
2026-03-22 19:58:41 | INFO |   ✓ pointdist | 2013 | 347 teams
2026-03-22 19:58:43 | INFO |   ✓ pointdist | 2014 | 351 teams
2026-03-22 19:58:44 | INFO |   ✓ pointdist | 2015 | 351 teams
2026-03-22 19:58:46 | INFO |   ✓ pointdist | 2016 | 351 teams
2026-03-22 19:58:48 | INFO |   ✓ pointdist | 2017 | 351 teams
2026-03-22 19:58:49 | INFO |   ✓ pointdist | 2018 | 351 teams
2026-03-22 19:58:51 | INFO |   ✓ pointdist | 2019 | 353 teams
2026-03-22 19:58:52 | INFO |   ✓ pointdist | 2020 | 353 teams
2026-03-22 19:58:54 | INFO |   ✓ pointdist | 2021 | 357 teams
2026-03-22 19:58:56 | INFO |   ✓ pointdist | 2022 | 358 teams
2026-03-22 19:58:57 | INFO |   ✓ pointdist | 2023 | 363 teams
2026-03-22 19:58:59 | INFO |   ✓ pointdist | 2024 | 362 teams
2026-03-22 19:59:00 | INFO |   ✓ pointdist | 2025 | 364 teams
2026-03-22 19:59:02 | INFO | Saved point_dist | CSV: 932.8KB | Parquet: 449.5KB
