2026-03-22 20:41:10 | INFO | ──────────────────────────────────────────────────
2026-03-22 20:41:10 | INFO | Pulling: ratings
2026-03-22 20:41:11 | ERROR | ratings y=2002 | HTTP 404
2026-03-22 20:41:11 | ERROR | ratings y=2003 | HTTP 404
2026-03-22 20:41:11 | ERROR | ratings y=2004 | HTTP 404
2026-03-22 20:41:11 | ERROR | ratings y=2005 | HTTP 404
2026-03-22 20:41:11 | ERROR | ratings y=2006 | HTTP 404
2026-03-22 20:41:11 | ERROR | ratings y=2007 | HTTP 404
2026-03-22 20:41:11 | ERROR | ratings y=2008 | HTTP 404
2026-03-22 20:41:11 | ERROR | ratings y=2009 | HTTP 404
2026-03-22 20:41:11 | INFO |   ✓ ratings | 2010 | 347 teams
2026-03-22 20:41:13 | INFO |   ✓ ratings | 2011 | 345 teams
2026-03-22 20:41:14 | INFO |   ✓ ratings | 2012 | 345 teams
2026-03-22 20:41:16 | INFO |   ✓ ratings | 2013 | 347 teams
2026-03-22 20:41:18 | INFO |   ✓ ratings | 2014 | 351 teams
2026-03-22 20:41:19 | INFO |   ✓ ratings | 2015 | 351 teams
2026-03-22 20:41:21 | INFO |   ✓ ratings | 2016 | 351 teams
2026-03-22 20:41:23 | INFO |   ✓ ratings | 2017 | 351 teams
2026-03-22 20:41:24 | INFO |   ✓ ratings | 2018 | 351 teams
2026-03-22 20:41:26 | INFO |   ✓ ratings | 2019 | 353 teams
2026-03-22 20:41:28 | INFO |   ✓ ratings | 2020 | 353 teams
2026-03-22 20:41:29 | INFO |   ✓ ratings | 2021 | 357 teams
2026-03-22 20:41:31 | INFO |   ✓ ratings | 2022 | 358 teams
2026-03-22 20:41:32 | INFO |   ✓ ratings | 2023 | 363 teams
2026-03-22 20:41:34 | INFO |   ✓ ratings | 2024 | 362 teams
2026-03-22 20:41:36 | INFO |   ✓ ratings | 2025 | 364 teams
2026-03-22 20:41:37 | INFO | Saved ratings | CSV: 1356.0KB | Parquet: 690.8KB
2026-03-22 20:41:37 | INFO | ──────────────────────────────────────────────────
2026-03-22 20:41:37 | INFO | Pulling: four-factors
2026-03-22 20:41:38 | INFO |   ✓ four-factors | 2002 | 327 teams
2026-03-22 20:41:39 | INFO |   ✓ four-factors | 2003 | 327 teams
2026-03-22 20:41:41 | INFO |   ✓ four-factors | 2004 | 326 teams
2026-03-22 20:41:42 | INFO |   ✓ four-factors | 2005 | 330 teams
2026-03-22 20:41:44 | INFO |   ✓ four-factors | 2006 | 334 teams
2026-03-22 20:41:46 | INFO |   ✓ four-factors | 2007 | 336 teams
2026-03-22 20:41:47 | INFO |   ✓ four-factors | 2008 | 341 teams
2026-03-22 20:41:49 | INFO |   ✓ four-factors | 2009 | 344 teams
2026-03-22 20:41:50 | INFO |   ✓ four-factors | 2010 | 347 teams
2026-03-22 20:41:52 | INFO |   ✓ four-factors | 2011 | 345 teams
2026-03-22 20:41:54 | INFO |   ✓ four-factors | 2012 | 345 teams
2026-03-22 20:41:55 | INFO |   ✓ four-factors | 2013 | 347 teams
2026-03-22 20:41:57 | INFO |   ✓ four-factors | 2014 | 351 teams
2026-03-22 20:41:59 | INFO |   ✓ four-factors | 2015 | 351 teams
2026-03-22 20:42:00 | INFO |   ✓ four-factors | 2016 | 351 teams
2026-03-22 20:42:02 | INFO |   ✓ four-factors | 2017 | 351 teams
2026-03-22 20:42:03 | INFO |   ✓ four-factors | 2018 | 351 teams
2026-03-22 20:42:05 | INFO |   ✓ four-factors | 2019 | 353 teams
2026-03-22 20:42:07 | INFO |   ✓ four-factors | 2020 | 353 teams
2026-03-22 20:42:08 | INFO |   ✓ four-factors | 2021 | 357 teams
2026-03-22 20:42:10 | INFO |   ✓ four-factors | 2022 | 358 teams
2026-03-22 20:42:12 | INFO |   ✓ four-factors | 2023 | 363 teams
2026-03-22 20:42:13 | INFO |   ✓ four-factors | 2024 | 362 teams
2026-03-22 20:42:15 | INFO |   ✓ four-factors | 2025 | 364 teams
2026-03-22 20:42:16 | INFO | Saved four_factors | CSV: 1651.0KB | Parquet: 965.8KB
2026-03-22 20:42:16 | INFO | ──────────────────────────────────────────────────
2026-03-22 20:42:16 | INFO | Pulling: height
2026-03-22 20:42:16 | ERROR | height y=2002 | HTTP 404
2026-03-22 20:42:17 | ERROR | height y=2003 | HTTP 404
2026-03-22 20:42:17 | ERROR | height y=2004 | HTTP 404
2026-03-22 20:42:17 | ERROR | height y=2005 | HTTP 404
2026-03-22 20:42:17 | ERROR | height y=2006 | HTTP 404
2026-03-22 20:42:17 | INFO |   ✓ height | 2007 | 336 teams
2026-03-22 20:42:18 | INFO |   ✓ height | 2008 | 341 teams
2026-03-22 20:42:20 | INFO |   ✓ height | 2009 | 344 teams
2026-03-22 20:42:22 | INFO |   ✓ height | 2010 | 347 teams
2026-03-22 20:42:23 | INFO |   ✓ height | 2011 | 345 teams
2026-03-22 20:42:25 | INFO |   ✓ height | 2012 | 345 teams
2026-03-22 20:42:26 | INFO |   ✓ height | 2013 | 347 teams
2026-03-22 20:42:28 | INFO |   ✓ height | 2014 | 351 teams
2026-03-22 20:42:30 | INFO |   ✓ height | 2015 | 351 teams
2026-03-22 20:42:31 | INFO |   ✓ height | 2016 | 351 teams
2026-03-22 20:42:33 | INFO |   ✓ height | 2017 | 351 teams
2026-03-22 20:42:34 | INFO |   ✓ height | 2018 | 351 teams
2026-03-22 20:42:36 | INFO |   ✓ height | 2019 | 353 teams
2026-03-22 20:42:38 | INFO |   ✓ height | 2020 | 353 teams
2026-03-22 20:42:39 | INFO |   ✓ height | 2021 | 357 teams
2026-03-22 20:42:41 | INFO |   ✓ height | 2022 | 358 teams
2026-03-22 20:42:42 | INFO |   ✓ height | 2023 | 363 teams
2026-03-22 20:42:44 | INFO |   ✓ height | 2024 | 362 teams
2026-03-22 20:42:46 | INFO |   ✓ height | 2025 | 364 teams
2026-03-22 20:42:47 | INFO | Saved height | CSV: 874.7KB | Parquet: 284.8KB
2026-03-22 20:42:47 | INFO | ──────────────────────────────────────────────────
2026-03-22 20:42:47 | INFO | Pulling: pointdist
2026-03-22 20:42:47 | INFO |   ✓ pointdist | 2002 | 327 teams
2026-03-22 20:42:49 | INFO |   ✓ pointdist | 2003 | 327 teams
2026-03-22 20:42:50 | INFO |   ✓ pointdist | 2004 | 326 teams
2026-03-22 20:42:52 | INFO |   ✓ pointdist | 2005 | 330 teams
2026-03-22 20:42:54 | INFO |   ✓ pointdist | 2006 | 334 teams
2026-03-22 20:42:55 | INFO |   ✓ pointdist | 2007 | 336 teams
2026-03-22 20:42:57 | INFO |   ✓ pointdist | 2008 | 341 teams
2026-03-22 20:42:58 | INFO |   ✓ pointdist | 2009 | 344 teams
2026-03-22 20:43:00 | INFO |   ✓ pointdist | 2010 | 347 teams
2026-03-22 20:43:02 | INFO |   ✓ pointdist | 2011 | 345 teams
2026-03-22 20:43:03 | INFO |   ✓ pointdist | 2012 | 345 teams
2026-03-22 20:43:05 | INFO |   ✓ pointdist | 2013 | 347 teams
2026-03-22 20:43:06 | INFO |   ✓ pointdist | 2014 | 351 teams
2026-03-22 20:43:08 | INFO |   ✓ pointdist | 2015 | 351 teams
2026-03-22 20:43:10 | INFO |   ✓ pointdist | 2016 | 351 teams
2026-03-22 20:43:11 | INFO |   ✓ pointdist | 2017 | 351 teams
2026-03-22 20:43:13 | INFO |   ✓ pointdist | 2018 | 351 teams
2026-03-22 20:43:14 | INFO |   ✓ pointdist | 2019 | 353 teams
2026-03-22 20:43:16 | INFO |   ✓ pointdist | 2020 | 353 teams
2026-03-22 20:43:18 | INFO |   ✓ pointdist | 2021 | 357 teams
2026-03-22 20:43:19 | INFO |   ✓ pointdist | 2022 | 358 teams
2026-03-22 20:43:21 | INFO |   ✓ pointdist | 2023 | 363 teams
2026-03-22 20:43:23 | INFO |   ✓ pointdist | 2024 | 362 teams
2026-03-22 20:43:24 | INFO |   ✓ pointdist | 2025 | 364 teams
2026-03-22 20:43:26 | INFO | Saved point_dist | CSV: 932.8KB | Parquet: 449.5KB
