2026-03-22 10:23:26 | INFO | ══════════════════════════════════════════════════
2026-03-22 10:23:26 | INFO | Data Cleaning Pipeline
2026-03-22 10:23:26 | INFO | ══════════════════════════════════════════════════
2026-03-22 10:23:26 | INFO | Cleaning tournament games...
2026-03-22 10:23:26 | INFO |   ✓ Loaded MNCAATourneyDetailedResults.csv | (1449, 34)
2026-03-22 10:23:26 | INFO |   ✓ Loaded MNCAATourneySeeds.csv | (2694, 3)
2026-03-22 10:23:26 | INFO |   ✓ Loaded MTeams.csv | (381, 4)
2026-03-22 10:23:26 | INFO |   Upsets: 285/1449 (19.7%)
2026-03-22 10:23:26 | INFO |   Mapped WTeamName: 180 unique → 180 unique
2026-03-22 10:23:26 | INFO |   Mapped LTeamName: 273 unique → 273 unique
2026-03-22 10:23:26 | INFO |   Tournament games: (1449, 41)
2026-03-22 10:23:26 | INFO | Cleaning tournament seeds...
2026-03-22 10:23:26 | INFO |   ✓ Loaded MNCAATourneySeeds.csv | (2694, 3)
2026-03-22 10:23:26 | INFO |   ✓ Loaded MTeams.csv | (381, 4)
2026-03-22 10:23:26 | INFO |   Mapped TeamName: 281 unique → 281 unique
2026-03-22 10:23:26 | INFO |   Tournament seeds: (1605, 5)
2026-03-22 10:23:26 | INFO | ──────────────────────────────────────────────────
2026-03-22 10:23:26 | INFO | Verifying team name mappings...
2026-03-22 10:23:26 | INFO |   ✓ Loaded four_factors.csv | (8314, 33)
2026-03-22 10:23:26 | INFO |   ✓ All team names match KenPom
2026-03-22 10:23:26 | INFO |   ✓ Loaded four_factors.csv | (8314, 33)
2026-03-22 10:23:26 | INFO |   ✓ All team names match KenPom
2026-03-22 10:23:26 | INFO | ──────────────────────────────────────────────────
2026-03-22 10:23:26 | INFO | Saving clean data...
2026-03-22 10:23:26 | INFO | Saved tournament_games | CSV: 186.7KB | Parquet: 67.5KB
2026-03-22 10:23:26 | INFO | Saved tournament_seeds | CSV: 38.5KB | Parquet: 11.2KB
2026-03-22 10:23:26 | INFO | Saved team_name_mapping | CSV: 2.6KB | Parquet: 4.2KB
2026-03-22 10:23:26 | INFO | ══════════════════════════════════════════════════
2026-03-22 10:23:26 | INFO | CLEANING COMPLETE
2026-03-22 10:23:26 | INFO |   Games:   (1449, 41)
2026-03-22 10:23:26 | INFO |   Seeds:   (1605, 5)
2026-03-22 10:23:26 | INFO |   Mapping: 100 entries
2026-03-22 10:23:26 | INFO | ══════════════════════════════════════════════════
