2026-03-22 15:14:27 | INFO | ══════════════════════════════════════════════════
2026-03-22 15:14:27 | INFO | Data Cleaning Pipeline
2026-03-22 15:14:27 | INFO | ══════════════════════════════════════════════════
2026-03-22 15:14:27 | INFO | Cleaning tournament games...
2026-03-22 15:14:27 | INFO |   ✓ Loaded MNCAATourneyDetailedResults.csv | (1449, 34)
2026-03-22 15:14:27 | INFO |   ✓ Loaded MNCAATourneySeeds.csv | (2694, 3)
2026-03-22 15:14:27 | INFO |   ✓ Loaded MTeams.csv | (381, 4)
2026-03-22 15:14:27 | INFO |   Upsets: 285/1449 (19.7%)
2026-03-22 15:14:27 | INFO |   Mapped WTeamName: 180 unique → 180 unique
2026-03-22 15:14:27 | INFO |   Mapped LTeamName: 273 unique → 273 unique
2026-03-22 15:14:27 | INFO |   Tournament games: (1449, 12)
2026-03-22 15:14:27 | INFO | Cleaning tournament seeds...
2026-03-22 15:14:27 | INFO |   ✓ Loaded MNCAATourneySeeds.csv | (2694, 3)
2026-03-22 15:14:27 | INFO |   ✓ Loaded MTeams.csv | (381, 4)
2026-03-22 15:14:27 | INFO |   Mapped TeamName: 281 unique → 281 unique
2026-03-22 15:14:27 | INFO |   Tournament seeds: (1605, 5)
2026-03-22 15:14:27 | INFO | Cleaning KenPom tables...
2026-03-22 15:14:27 | INFO |   ✓ Loaded four_factors.csv | (8314, 33)
2026-03-22 15:14:27 | INFO |   ✓ Loaded height.csv | (6670, 25)
2026-03-22 15:14:27 | INFO |   ✓ Loaded ratings.csv | (5649, 44)
2026-03-22 15:14:27 | INFO |   ✓ Loaded teams.csv | (8314, 8)
2026-03-22 15:14:27 | INFO | ──────────────────────────────────────────────────
2026-03-22 15:14:27 | INFO | Verifying team name mappings...
2026-03-22 15:14:27 | INFO |   ✓ Loaded four_factors.csv | (8314, 33)
2026-03-22 15:14:27 | INFO |   ✓ All team names match KenPom
2026-03-22 15:14:27 | INFO |   ✓ Loaded four_factors.csv | (8314, 33)
2026-03-22 15:14:27 | INFO |   ✓ All team names match KenPom
2026-03-22 15:14:27 | INFO | ──────────────────────────────────────────────────
2026-03-22 15:14:27 | INFO | Saving clean data...
2026-03-22 15:14:27 | INFO | Saved tournament_games | CSV: 76.4KB | Parquet: 25.0KB
2026-03-22 15:14:27 | INFO | Saved tournament_seeds | CSV: 38.5KB | Parquet: 11.2KB
2026-03-22 15:14:27 | INFO | Saved four_factors | CSV: 592.6KB | Parquet: 171.1KB
2026-03-22 15:14:27 | INFO | Saved height | CSV: 406.6KB | Parquet: 112.1KB
2026-03-22 15:14:27 | INFO | Saved ratings | CSV: 595.6KB | Parquet: 176.9KB
2026-03-22 15:14:27 | INFO | Saved teams | CSV: 196.3KB | Parquet: 29.4KB
2026-03-22 15:14:27 | INFO | Saved team_name_mapping | CSV: 2.6KB | Parquet: 4.2KB
2026-03-22 15:14:27 | INFO | ══════════════════════════════════════════════════
2026-03-22 15:14:27 | INFO | CLEANING COMPLETE
2026-03-22 15:14:27 | INFO |   Games:   (1449, 12)
2026-03-22 15:14:27 | INFO |   Seeds:   (1605, 5)
2026-03-22 15:14:27 | INFO |   Mapping: 100 entries
2026-03-22 15:14:27 | INFO | ══════════════════════════════════════════════════
