2026-03-22 21:04:07 | INFO | ══════════════════════════════════════════════════
2026-03-22 21:04:07 | INFO | Data Cleaning Pipeline
2026-03-22 21:04:07 | INFO | ══════════════════════════════════════════════════
2026-03-22 21:04:07 | INFO | Cleaning tournament games...
2026-03-22 21:04:07 | INFO |   ✓ Loaded MNCAATourneyDetailedResults.csv | (1449, 34)
2026-03-22 21:04:07 | INFO |   ✓ Loaded MNCAATourneySeeds.csv | (2694, 3)
2026-03-22 21:04:07 | INFO |   ✓ Loaded MTeams.csv | (381, 4)
2026-03-22 21:04:07 | INFO |   Upsets: 285/1449 (19.7%)
2026-03-22 21:04:07 | INFO |   Mapped WTeamName: 180 unique → 180 unique
2026-03-22 21:04:07 | INFO |   Mapped LTeamName: 273 unique → 273 unique
2026-03-22 21:04:07 | INFO |   Added key: WTeamSeason (755 unique)
2026-03-22 21:04:07 | INFO |   Added key: LTeamSeason (1449 unique)
2026-03-22 21:04:07 | INFO |   Tournament games: (1449, 15)
2026-03-22 21:04:07 | INFO | Cleaning tournament seeds...
2026-03-22 21:04:07 | INFO |   ✓ Loaded MNCAATourneySeeds.csv | (2694, 3)
2026-03-22 21:04:07 | INFO |   ✓ Loaded MTeams.csv | (381, 4)
2026-03-22 21:04:07 | INFO |   Mapped TeamName: 281 unique → 281 unique
2026-03-22 21:04:07 | INFO |   Added key: TeamSeason (1605 unique)
2026-03-22 21:04:07 | INFO |   Tournament seeds: (1605, 6)
2026-03-22 21:04:07 | INFO | Cleaning KenPom tables...
2026-03-22 21:04:07 | INFO |   ✓ Loaded four_factors.csv | (8314, 33)
2026-03-22 21:04:07 | INFO |   Added key: TeamSeason (8314 unique)
2026-03-22 21:04:07 | INFO |   ✓ Loaded height.csv | (6670, 25)
2026-03-22 21:04:07 | INFO |   Added key: TeamSeason (6670 unique)
2026-03-22 21:04:07 | INFO |   ✓ Loaded ratings.csv | (5649, 44)
2026-03-22 21:04:07 | INFO |   Added key: TeamSeason (5649 unique)
2026-03-22 21:04:07 | INFO |   ✓ Loaded teams.csv | (8314, 8)
2026-03-22 21:04:07 | INFO |   Added key: TeamSeason (8314 unique)
2026-03-22 21:04:07 | INFO | ──────────────────────────────────────────────────
2026-03-22 21:04:07 | INFO | Verifying team name mappings...
2026-03-22 21:04:07 | INFO |   ✓ Loaded four_factors.csv | (8314, 33)
2026-03-22 21:04:07 | INFO |   ✓ All team names match KenPom
2026-03-22 21:04:07 | INFO |   ✓ Loaded four_factors.csv | (8314, 33)
2026-03-22 21:04:07 | INFO |   ✓ All team names match KenPom
2026-03-22 21:04:07 | INFO | ──────────────────────────────────────────────────
2026-03-22 21:04:07 | INFO | Saving clean data...
2026-03-22 21:04:07 | INFO | Saved tournament_games | CSV: 124.5KB | Parquet: 52.8KB
2026-03-22 21:04:07 | INFO | Saved tournament_seeds | CSV: 62.2KB | Parquet: 24.3KB
2026-03-22 21:04:07 | INFO | Saved four_factors | CSV: 684.7KB | Parquet: 239.4KB
2026-03-22 21:04:07 | INFO | Saved height | CSV: 480.6KB | Parquet: 167.3KB
2026-03-22 21:04:07 | INFO | Saved ratings | CSV: 536.0KB | Parquet: 174.8KB
2026-03-22 21:04:07 | INFO | Saved teams | CSV: 329.0KB | Parquet: 98.4KB
2026-03-22 21:04:07 | INFO | Saved team_name_mapping | CSV: 2.6KB | Parquet: 4.2KB
2026-03-22 21:04:07 | INFO | ══════════════════════════════════════════════════
2026-03-22 21:04:07 | INFO | CLEANING COMPLETE
2026-03-22 21:04:07 | INFO |   Games:   (1449, 15)
2026-03-22 21:04:07 | INFO |   Seeds:   (1605, 6)
2026-03-22 21:04:07 | INFO |   Mapping: 100 entries
2026-03-22 21:04:07 | INFO | ══════════════════════════════════════════════════
