2026-03-22 10:03:11 | INFO | ══════════════════════════════════════════════════
2026-03-22 10:03:11 | INFO | KenPom Teams Pull
2026-03-22 10:03:11 | INFO | Years: 2002 → 2025
2026-03-22 10:03:11 | INFO | ══════════════════════════════════════════════════
2026-03-22 10:03:13 | INFO | Session authenticated
2026-03-22 10:03:13 | INFO |   ✓ 2002 | 327 teams
2026-03-22 10:03:14 | INFO |   ✓ 2003 | 327 teams
2026-03-22 10:03:16 | INFO |   ✓ 2004 | 326 teams
2026-03-22 10:03:17 | INFO |   ✓ 2005 | 330 teams
2026-03-22 10:03:19 | INFO |   ✓ 2006 | 334 teams
2026-03-22 10:03:21 | INFO |   ✓ 2007 | 336 teams
2026-03-22 10:03:22 | INFO |   ✓ 2008 | 341 teams
2026-03-22 10:03:24 | INFO |   ✓ 2009 | 344 teams
2026-03-22 10:03:25 | INFO |   ✓ 2010 | 347 teams
2026-03-22 10:03:27 | INFO |   ✓ 2011 | 345 teams
2026-03-22 10:03:28 | INFO |   ✓ 2012 | 345 teams
2026-03-22 10:03:30 | INFO |   ✓ 2013 | 347 teams
2026-03-22 10:03:32 | INFO |   ✓ 2014 | 351 teams
2026-03-22 10:03:33 | INFO |   ✓ 2015 | 351 teams
2026-03-22 10:03:35 | INFO |   ✓ 2016 | 351 teams
2026-03-22 10:03:36 | INFO |   ✓ 2017 | 351 teams
2026-03-22 10:03:38 | INFO |   ✓ 2018 | 351 teams
2026-03-22 10:03:40 | INFO |   ✓ 2019 | 353 teams
2026-03-22 10:03:41 | INFO |   ✓ 2020 | 353 teams
2026-03-22 10:03:43 | INFO |   ✓ 2021 | 357 teams
2026-03-22 10:03:44 | INFO |   ✓ 2022 | 358 teams
2026-03-22 10:03:46 | INFO |   ✓ 2023 | 363 teams
2026-03-22 10:03:47 | INFO |   ✓ 2024 | 362 teams
2026-03-22 10:03:49 | INFO |   ✓ 2025 | 364 teams
2026-03-22 10:03:50 | INFO | ══════════════════════════════════════════════════
2026-03-22 10:03:50 | INFO | Total: 8314 rows | 8 cols | 2002–2025
2026-03-22 10:03:50 | INFO | ══════════════════════════════════════════════════
2026-03-22 10:03:51 | INFO | Saved teams | CSV: 474.9KB | Parquet: 79.3KB
