2026-03-22 15:13:35 | INFO | ══════════════════════════════════════════════════
2026-03-22 15:13:35 | INFO | KenPom Teams Pull
2026-03-22 15:13:35 | INFO | Years: 2002 → 2025
2026-03-22 15:13:35 | INFO | ══════════════════════════════════════════════════
2026-03-22 15:13:40 | INFO | Session authenticated
2026-03-22 15:13:40 | INFO |   ✓ 2002 | 327 teams
2026-03-22 15:13:41 | INFO |   ✓ 2003 | 327 teams
2026-03-22 15:13:43 | INFO |   ✓ 2004 | 326 teams
2026-03-22 15:13:45 | INFO |   ✓ 2005 | 330 teams
2026-03-22 15:13:46 | INFO |   ✓ 2006 | 334 teams
2026-03-22 15:13:48 | INFO |   ✓ 2007 | 336 teams
2026-03-22 15:13:49 | INFO |   ✓ 2008 | 341 teams
2026-03-22 15:13:51 | INFO |   ✓ 2009 | 344 teams
2026-03-22 15:13:52 | INFO |   ✓ 2010 | 347 teams
2026-03-22 15:13:54 | INFO |   ✓ 2011 | 345 teams
2026-03-22 15:13:56 | INFO |   ✓ 2012 | 345 teams
2026-03-22 15:13:57 | INFO |   ✓ 2013 | 347 teams
2026-03-22 15:13:59 | INFO |   ✓ 2014 | 351 teams
2026-03-22 15:14:00 | INFO |   ✓ 2015 | 351 teams
2026-03-22 15:14:02 | INFO |   ✓ 2016 | 351 teams
2026-03-22 15:14:03 | INFO |   ✓ 2017 | 351 teams
2026-03-22 15:14:05 | INFO |   ✓ 2018 | 351 teams
2026-03-22 15:14:07 | INFO |   ✓ 2019 | 353 teams
2026-03-22 15:14:08 | INFO |   ✓ 2020 | 353 teams
2026-03-22 15:14:10 | INFO |   ✓ 2021 | 357 teams
2026-03-22 15:14:11 | INFO |   ✓ 2022 | 358 teams
2026-03-22 15:14:13 | INFO |   ✓ 2023 | 363 teams
2026-03-22 15:14:15 | INFO |   ✓ 2024 | 362 teams
2026-03-22 15:14:16 | INFO |   ✓ 2025 | 364 teams
2026-03-22 15:14:18 | INFO | ══════════════════════════════════════════════════
2026-03-22 15:14:18 | INFO | Total: 8314 rows | 8 cols | 2002–2025
2026-03-22 15:14:18 | INFO | ══════════════════════════════════════════════════
2026-03-22 15:14:18 | INFO | Saved teams | CSV: 474.9KB | Parquet: 79.3KB
