2026-03-22 10:17:18 | INFO | ──────────────────────────────────────────────────
2026-03-22 10:17:18 | INFO | Pulling: ratings
2026-03-22 10:17:18 | ERROR | ratings y=2002 | HTTP 404
2026-03-22 10:17:18 | ERROR | ratings y=2003 | HTTP 404
2026-03-22 10:17:19 | ERROR | ratings y=2004 | HTTP 404
2026-03-22 10:17:19 | ERROR | ratings y=2005 | HTTP 404
2026-03-22 10:17:19 | ERROR | ratings y=2006 | HTTP 404
2026-03-22 10:17:19 | ERROR | ratings y=2007 | HTTP 404
2026-03-22 10:17:19 | ERROR | ratings y=2008 | HTTP 404
2026-03-22 10:17:19 | ERROR | ratings y=2009 | HTTP 404
2026-03-22 10:17:19 | INFO |   ✓ ratings | 2010 | 347 teams
2026-03-22 10:17:21 | INFO |   ✓ ratings | 2011 | 345 teams
2026-03-22 10:17:22 | INFO |   ✓ ratings | 2012 | 345 teams
2026-03-22 10:17:24 | INFO |   ✓ ratings | 2013 | 347 teams
2026-03-22 10:17:26 | INFO |   ✓ ratings | 2014 | 351 teams
2026-03-22 10:17:27 | INFO |   ✓ ratings | 2015 | 351 teams
2026-03-22 10:17:29 | INFO |   ✓ ratings | 2016 | 351 teams
2026-03-22 10:17:31 | INFO |   ✓ ratings | 2017 | 351 teams
2026-03-22 10:17:32 | INFO |   ✓ ratings | 2018 | 351 teams
2026-03-22 10:17:34 | INFO |   ✓ ratings | 2019 | 353 teams
2026-03-22 10:17:36 | INFO |   ✓ ratings | 2020 | 353 teams
2026-03-22 10:17:37 | INFO |   ✓ ratings | 2021 | 357 teams
2026-03-22 10:17:39 | INFO |   ✓ ratings | 2022 | 358 teams
2026-03-22 10:17:41 | INFO |   ✓ ratings | 2023 | 363 teams
2026-03-22 10:17:42 | INFO |   ✓ ratings | 2024 | 362 teams
2026-03-22 10:17:44 | INFO |   ✓ ratings | 2025 | 364 teams
2026-03-22 10:17:46 | INFO | Saved ratings | CSV: 1356.0KB | Parquet: 690.8KB
2026-03-22 10:17:46 | INFO | ──────────────────────────────────────────────────
2026-03-22 10:17:46 | INFO | Pulling: four-factors
2026-03-22 10:17:46 | INFO |   ✓ four-factors | 2002 | 327 teams
2026-03-22 10:17:48 | INFO |   ✓ four-factors | 2003 | 327 teams
2026-03-22 10:17:49 | INFO |   ✓ four-factors | 2004 | 326 teams
2026-03-22 10:17:51 | INFO |   ✓ four-factors | 2005 | 330 teams
2026-03-22 10:17:52 | INFO |   ✓ four-factors | 2006 | 334 teams
2026-03-22 10:17:54 | INFO |   ✓ four-factors | 2007 | 336 teams
2026-03-22 10:17:56 | INFO |   ✓ four-factors | 2008 | 341 teams
2026-03-22 10:17:57 | INFO |   ✓ four-factors | 2009 | 344 teams
2026-03-22 10:17:59 | INFO |   ✓ four-factors | 2010 | 347 teams
2026-03-22 10:18:01 | INFO |   ✓ four-factors | 2011 | 345 teams
2026-03-22 10:18:02 | INFO |   ✓ four-factors | 2012 | 345 teams
2026-03-22 10:18:04 | INFO |   ✓ four-factors | 2013 | 347 teams
2026-03-22 10:18:06 | INFO |   ✓ four-factors | 2014 | 351 teams
2026-03-22 10:18:07 | INFO |   ✓ four-factors | 2015 | 351 teams
2026-03-22 10:18:09 | INFO |   ✓ four-factors | 2016 | 351 teams
2026-03-22 10:18:11 | INFO |   ✓ four-factors | 2017 | 351 teams
2026-03-22 10:18:12 | INFO |   ✓ four-factors | 2018 | 351 teams
2026-03-22 10:18:14 | INFO |   ✓ four-factors | 2019 | 353 teams
2026-03-22 10:18:16 | INFO |   ✓ four-factors | 2020 | 353 teams
2026-03-22 10:18:17 | INFO |   ✓ four-factors | 2021 | 357 teams
2026-03-22 10:18:19 | INFO |   ✓ four-factors | 2022 | 358 teams
2026-03-22 10:18:21 | INFO |   ✓ four-factors | 2023 | 363 teams
2026-03-22 10:18:22 | INFO |   ✓ four-factors | 2024 | 362 teams
2026-03-22 10:18:24 | INFO |   ✓ four-factors | 2025 | 364 teams
2026-03-22 10:18:26 | INFO | Saved four_factors | CSV: 1651.0KB | Parquet: 965.8KB
2026-03-22 10:18:26 | INFO | ──────────────────────────────────────────────────
2026-03-22 10:18:26 | INFO | Pulling: height
2026-03-22 10:18:26 | ERROR | height y=2002 | HTTP 404
2026-03-22 10:18:26 | ERROR | height y=2003 | HTTP 404
2026-03-22 10:18:26 | ERROR | height y=2004 | HTTP 404
2026-03-22 10:18:26 | ERROR | height y=2005 | HTTP 404
2026-03-22 10:18:26 | ERROR | height y=2006 | HTTP 404
2026-03-22 10:18:26 | INFO |   ✓ height | 2007 | 336 teams
2026-03-22 10:18:28 | INFO |   ✓ height | 2008 | 341 teams
2026-03-22 10:18:29 | INFO |   ✓ height | 2009 | 344 teams
2026-03-22 10:18:31 | INFO |   ✓ height | 2010 | 347 teams
2026-03-22 10:18:33 | INFO |   ✓ height | 2011 | 345 teams
2026-03-22 10:18:35 | INFO |   ✓ height | 2012 | 345 teams
2026-03-22 10:18:36 | INFO |   ✓ height | 2013 | 347 teams
2026-03-22 10:18:38 | INFO |   ✓ height | 2014 | 351 teams
2026-03-22 10:18:40 | INFO |   ✓ height | 2015 | 351 teams
2026-03-22 10:18:41 | INFO |   ✓ height | 2016 | 351 teams
2026-03-22 10:18:43 | INFO |   ✓ height | 2017 | 351 teams
2026-03-22 10:18:45 | INFO |   ✓ height | 2018 | 351 teams
2026-03-22 10:18:46 | INFO |   ✓ height | 2019 | 353 teams
2026-03-22 10:18:48 | INFO |   ✓ height | 2020 | 353 teams
2026-03-22 10:18:49 | INFO |   ✓ height | 2021 | 357 teams
2026-03-22 10:18:51 | INFO |   ✓ height | 2022 | 358 teams
2026-03-22 10:18:53 | INFO |   ✓ height | 2023 | 363 teams
2026-03-22 10:18:54 | INFO |   ✓ height | 2024 | 362 teams
2026-03-22 10:18:56 | INFO |   ✓ height | 2025 | 364 teams
2026-03-22 10:18:57 | INFO | Saved height | CSV: 874.7KB | Parquet: 284.8KB
2026-03-22 10:18:57 | INFO | ──────────────────────────────────────────────────
2026-03-22 10:18:57 | INFO | Pulling: pointdist
2026-03-22 10:18:58 | INFO |   ✓ pointdist | 2002 | 327 teams
2026-03-22 10:18:59 | INFO |   ✓ pointdist | 2003 | 327 teams
2026-03-22 10:19:01 | INFO |   ✓ pointdist | 2004 | 326 teams
2026-03-22 10:19:02 | INFO |   ✓ pointdist | 2005 | 330 teams
2026-03-22 10:19:04 | INFO |   ✓ pointdist | 2006 | 334 teams
2026-03-22 10:19:06 | INFO |   ✓ pointdist | 2007 | 336 teams
2026-03-22 10:19:07 | INFO |   ✓ pointdist | 2008 | 341 teams
2026-03-22 10:19:09 | INFO |   ✓ pointdist | 2009 | 344 teams
2026-03-22 10:19:10 | INFO |   ✓ pointdist | 2010 | 347 teams
2026-03-22 10:19:12 | INFO |   ✓ pointdist | 2011 | 345 teams
2026-03-22 10:19:14 | INFO |   ✓ pointdist | 2012 | 345 teams
2026-03-22 10:19:15 | INFO |   ✓ pointdist | 2013 | 347 teams
2026-03-22 10:19:17 | INFO |   ✓ pointdist | 2014 | 351 teams
2026-03-22 10:19:19 | INFO |   ✓ pointdist | 2015 | 351 teams
2026-03-22 10:19:20 | INFO |   ✓ pointdist | 2016 | 351 teams
2026-03-22 10:19:22 | INFO |   ✓ pointdist | 2017 | 351 teams
2026-03-22 10:19:23 | INFO |   ✓ pointdist | 2018 | 351 teams
2026-03-22 10:19:25 | INFO |   ✓ pointdist | 2019 | 353 teams
2026-03-22 10:19:27 | INFO |   ✓ pointdist | 2020 | 353 teams
2026-03-22 10:19:28 | INFO |   ✓ pointdist | 2021 | 357 teams
2026-03-22 10:19:30 | INFO |   ✓ pointdist | 2022 | 358 teams
2026-03-22 10:19:31 | INFO |   ✓ pointdist | 2023 | 363 teams
2026-03-22 10:19:33 | INFO |   ✓ pointdist | 2024 | 362 teams
2026-03-22 10:19:35 | INFO |   ✓ pointdist | 2025 | 364 teams
2026-03-22 10:19:36 | INFO | Saved point_dist | CSV: 932.8KB | Parquet: 449.5KB
